
> cabipro@0.1.0 lint
> eslint


D:\cabipro\app\app\inventory\[id]\page.tsx
  245:10  warning  'selectedSupplier' is assigned a value but never used  @typescript-eslint/no-unused-vars

D:\cabipro\app\app\layout.tsx
  4:8  warning  'AppHeader' is defined but never used  @typescript-eslint/no-unused-vars

D:\cabipro\app\app\projects\components\MaterialsToOrder.tsx
  279:10  warning  '_loadingState' is assigned a value but never used    @typescript-eslint/no-unused-vars
  323:9   warning  '_hasDataChanged' is assigned a value but never used  @typescript-eslint/no-unused-vars

D:\cabipro\app\app\suppliers\materialstoorder\page.tsx
   407:6   warning  React Hook useEffect has a missing dependency: 'processReservationsFromMTOs'. Either include it or remove the dependency array  react-hooks/exhaustive-deps
   434:5   warning  'stockAvailable' is defined but never used                                                                                      @typescript-eslint/no-unused-vars
   654:9   warning  'applyQuantityOrderedToLocalState' is assigned a value but never used                                                           @typescript-eslint/no-unused-vars
  2182:61  warning  'allItemsOrdered' is assigned a value but never used                                                                            @typescript-eslint/no-unused-vars
  2196:61  warning  'allItemsReserved' is assigned a value but never used                                                                           @typescript-eslint/no-unused-vars

D:\cabipro\components\UploadProgressBar.tsx
  20:15  warning  '_closeToast' is defined but never used  @typescript-eslint/no-unused-vars

D:\cabipro\lib\filehandler.ts
  33:3  warning  '_mimeType' is defined but never used  @typescript-eslint/no-unused-vars

D:\cabipro\lib\scanFile.ts
  6:32  warning  '_filePath' is defined but never used  @typescript-eslint/no-unused-vars

✖ 12 problems (0 errors, 12 warnings)

